[Training] start  epochs=2
[Training] split_start  split=train total_items=320000
[Training] split_update  items_processed=256
[event] iteration = 0
[Training] split_update  items_processed=512
[event] iteration = 1
[Training] split_update  items_processed=768
[event] iteration = 2
[Training] split_update  items_processed=1024
[event] iteration = 3
[Training] split_update  items_processed=1280
[event] iteration = 4
[Training] split_update  items_processed=1536
[event] iteration = 5
[Training] split_update  items_processed=1792
[event] iteration = 6
[Training] split_update  items_processed=2048
[event] iteration = 7
[Training] split_update  items_processed=2304
[event] iteration = 8
[Training] split_update  items_processed=2560
[event] iteration = 9
[Training] split_update  items_processed=2816
[event] iteration = 10
[Training] split_update  items_processed=3072
[event] iteration = 11
[Training] split_update  items_processed=3328
[event] iteration = 12
[Training] split_update  items_processed=3584
[event] iteration = 13
[Training] split_update  items_processed=3840
[event] iteration = 14
[Training] split_update  items_processed=4096
[event] iteration = 15
[Training] split_update  items_processed=4352
[event] iteration = 16
[Training] split_update  items_processed=4608
[event] iteration = 17
[Training] split_update  items_processed=4864
[event] iteration = 18
[Training] split_update  items_processed=5120
[event] iteration = 19
[Training] split_update  items_processed=5376
[event] iteration = 20
[Training] split_update  items_processed=5632
[event] iteration = 21
[Training] split_update  items_processed=5888
[event] iteration = 22
[Training] split_update  items_processed=6144
[event] iteration = 23
[Training] split_update  items_processed=6400
[event] iteration = 24
[Training] split_update  items_processed=6656
[event] iteration = 25
[Training] split_update  items_processed=6912
[event] iteration = 26
[Training] split_update  items_processed=7168
[event] iteration = 27
[Training] split_update  items_processed=7424
[event] iteration = 28
[Training] split_update  items_processed=7680
[event] iteration = 29
[Training] split_update  items_processed=7936
[event] iteration = 30
[Training] split_update  items_processed=8192
[event] iteration = 31
[Training] split_update  items_processed=8448
[event] iteration = 32
[Training] split_update  items_processed=8704
[event] iteration = 33
[Training] split_update  items_processed=8960
[event] iteration = 34
[Training] split_update  items_processed=9216
[event] iteration = 35
[Training] split_update  items_processed=9472
[event] iteration = 36
[Training] split_update  items_processed=9728
[event] iteration = 37
[Training] split_update  items_processed=9984
[event] iteration = 38
[Training] split_update  items_processed=10240
[event] iteration = 39
[Training] split_update  items_processed=10496
[event] iteration = 40
[Training] split_update  items_processed=10752
[event] iteration = 41
[Training] split_update  items_processed=11008
[event] iteration = 42
[Training] split_update  items_processed=11264
[event] iteration = 43
[Training] split_update  items_processed=11520
[event] iteration = 44
[Training] split_update  items_processed=11776
[event] iteration = 45
[Training] split_update  items_processed=12032
[event] iteration = 46
[Training] split_update  items_processed=12288
[event] iteration = 47
[Training] split_update  items_processed=12544
[event] iteration = 48
[Training] split_update  items_processed=12800
[event] iteration = 49
[Training] split_update  items_processed=13056
[event] iteration = 50
[Training] split_update  items_processed=13312
[event] iteration = 51
[Training] split_update  items_processed=13568
[event] iteration = 52
[Training] split_update  items_processed=13824
[event] iteration = 53
[Training] split_update  items_processed=14080
[event] iteration = 54
[Training] split_update  items_processed=14336
[event] iteration = 55
[Training] split_update  items_processed=14592
[event] iteration = 56
[Training] split_update  items_processed=14848
[event] iteration = 57
[Training] split_update  items_processed=15104
[event] iteration = 58
[Training] split_update  items_processed=15360
[event] iteration = 59
[Training] split_update  items_processed=15616
[event] iteration = 60
[Training] split_update  items_processed=15872
[event] iteration = 61
[Training] split_update  items_processed=16128
[event] iteration = 62
[Training] split_update  items_processed=16384
[event] iteration = 63
[Training] split_update  items_processed=16640
[event] iteration = 64
[Training] split_update  items_processed=16896
[event] iteration = 65
[Training] split_update  items_processed=17152
[event] iteration = 66
[Training] split_update  items_processed=17408
[event] iteration = 67
[Training] split_update  items_processed=17664
[event] iteration = 68
[Training] split_update  items_processed=17920
[event] iteration = 69
[Training] split_update  items_processed=18176
[event] iteration = 70
[Training] split_update  items_processed=18432
[event] iteration = 71
[Training] split_update  items_processed=18688
[event] iteration = 72
[Training] split_update  items_processed=18944
[event] iteration = 73
[Training] split_update  items_processed=19200
[event] iteration = 74
[Training] split_update  items_processed=19456
[event] iteration = 75
[Training] split_update  items_processed=19712
[event] iteration = 76
[Training] split_update  items_processed=19968
[event] iteration = 77
[Training] split_update  items_processed=20224
[event] iteration = 78
[Training] split_update  items_processed=20480
[event] iteration = 79
[Training] split_update  items_processed=20736
[event] iteration = 80
[Training] split_update  items_processed=20992
[event] iteration = 81
[Training] split_update  items_processed=21248
[event] iteration = 82
[Training] split_update  items_processed=21504
[event] iteration = 83
[Training] split_update  items_processed=21760
[event] iteration = 84
[Training] split_update  items_processed=22016
[event] iteration = 85
[Training] split_update  items_processed=22272
[event] iteration = 86
[Training] split_update  items_processed=22528
[event] iteration = 87
[Training] split_update  items_processed=22784
[event] iteration = 88
[Training] split_update  items_processed=23040
[event] iteration = 89
[Training] split_update  items_processed=23296
[event] iteration = 90
[Training] split_update  items_processed=23552
[event] iteration = 91
[Training] split_update  items_processed=23808
[event] iteration = 92
[Training] split_update  items_processed=24064
[event] iteration = 93
[Training] split_update  items_processed=24320
[event] iteration = 94
[Training] split_update  items_processed=24576
[event] iteration = 95
[Training] split_update  items_processed=24832
[event] iteration = 96
[Training] split_update  items_processed=25088
[event] iteration = 97
[Training] split_update  items_processed=25344
[event] iteration = 98
[Training] split_update  items_processed=25600
[event] iteration = 99
[Training] split_update  items_processed=25856
[event] iteration = 100
[Training] split_update  items_processed=26112
[event] iteration = 101
[Training] split_update  items_processed=26368
[event] iteration = 102
[Training] split_update  items_processed=26624
[event] iteration = 103
[Training] split_update  items_processed=26880
[event] iteration = 104
[Training] split_update  items_processed=27136
[event] iteration = 105
[Training] split_update  items_processed=27392
[event] iteration = 106
[Training] split_update  items_processed=27648
[event] iteration = 107
[Training] split_update  items_processed=27904
[event] iteration = 108
[Training] split_update  items_processed=28160
[event] iteration = 109
[Training] split_update  items_processed=28416
[event] iteration = 110
[Training] split_update  items_processed=28672
[event] iteration = 111
[Training] split_update  items_processed=28928
[event] iteration = 112
[Training] split_update  items_processed=29184
[event] iteration = 113
[Training] split_update  items_processed=29440
[event] iteration = 114
[Training] split_update  items_processed=29696
[event] iteration = 115
[Training] split_update  items_processed=29952
[event] iteration = 116
[Training] split_update  items_processed=30208
[event] iteration = 117
[Training] split_update  items_processed=30464
[event] iteration = 118
[Training] split_update  items_processed=30720
[event] iteration = 119
[Training] split_update  items_processed=30976
[event] iteration = 120
[Training] split_update  items_processed=31232
[event] iteration = 121
[Training] split_update  items_processed=31488
[event] iteration = 122
[Training] split_update  items_processed=31744
[event] iteration = 123
[Training] split_update  items_processed=32000
[event] iteration = 124
[Training] split_update  items_processed=32256
[event] iteration = 125
[Training] split_update  items_processed=32512
[event] iteration = 126
[Training] split_update  items_processed=32768
[event] iteration = 127
[Training] split_update  items_processed=33024
[event] iteration = 128
[Training] split_update  items_processed=33280
[event] iteration = 129
[Training] split_update  items_processed=33536
[event] iteration = 130
[Training] split_update  items_processed=33792
[event] iteration = 131
[Training] split_update  items_processed=34048
[event] iteration = 132
[Training] split_update  items_processed=34304
[event] iteration = 133
[Training] split_update  items_processed=34560
[event] iteration = 134
[Training] split_update  items_processed=34816
[event] iteration = 135
[Training] split_update  items_processed=35072
[event] iteration = 136
[Training] split_update  items_processed=35328
[event] iteration = 137
[Training] split_update  items_processed=35584
[event] iteration = 138
[Training] split_update  items_processed=35840
[event] iteration = 139
[Training] split_update  items_processed=36096
[event] iteration = 140
[Training] split_update  items_processed=36352
[event] iteration = 141
[Training] split_update  items_processed=36608
[event] iteration = 142
[Training] split_update  items_processed=36864
[event] iteration = 143
[Training] split_update  items_processed=37120
[event] iteration = 144
[Training] split_update  items_processed=37376
[event] iteration = 145
[Training] split_update  items_processed=37632
[event] iteration = 146
[Training] split_update  items_processed=37888
[event] iteration = 147
[Training] split_update  items_processed=38144
[event] iteration = 148
[Training] split_update  items_processed=38400
[event] iteration = 149
[Training] split_update  items_processed=38656
[event] iteration = 150
[Training] split_update  items_processed=38912
[event] iteration = 151
[Training] split_update  items_processed=39168
[event] iteration = 152
[Training] split_update  items_processed=39424
[event] iteration = 153
[Training] split_update  items_processed=39680
[event] iteration = 154
[Training] split_update  items_processed=39936
[event] iteration = 155
[Training] split_update  items_processed=40192
[event] iteration = 156
[Training] split_update  items_processed=40448
[event] iteration = 157
[Training] split_update  items_processed=40704
[event] iteration = 158
[Training] split_update  items_processed=40960
[event] iteration = 159
[Training] split_update  items_processed=41216
[event] iteration = 160
[Training] split_update  items_processed=41472
[event] iteration = 161
[Training] split_update  items_processed=41728
[event] iteration = 162
[Training] split_update  items_processed=41984
[event] iteration = 163
[Training] split_update  items_processed=42240
[event] iteration = 164
[Training] split_update  items_processed=42496
[event] iteration = 165
[Training] split_update  items_processed=42752
[event] iteration = 166
[Training] split_update  items_processed=43008
[event] iteration = 167
[Training] split_update  items_processed=43264
[event] iteration = 168
[Training] split_update  items_processed=43520
[event] iteration = 169
[Training] split_update  items_processed=43776
[event] iteration = 170
[Training] split_update  items_processed=44032
[event] iteration = 171
[Training] split_update  items_processed=44288
[event] iteration = 172
[Training] split_update  items_processed=44544
[event] iteration = 173
[Training] split_update  items_processed=44800
[event] iteration = 174
[Training] split_update  items_processed=45056
[event] iteration = 175
[Training] split_update  items_processed=45312
[event] iteration = 176
[Training] split_update  items_processed=45568
[event] iteration = 177
[Training] split_update  items_processed=45824
[event] iteration = 178
[Training] split_update  items_processed=46080
[event] iteration = 179
[Training] split_update  items_processed=46336
[event] iteration = 180
[Training] split_update  items_processed=46592
[event] iteration = 181
[Training] split_update  items_processed=46848
[event] iteration = 182
[Training] split_update  items_processed=47104
[event] iteration = 183
[Training] split_update  items_processed=47360
[event] iteration = 184
[Training] split_update  items_processed=47616
[event] iteration = 185
[Training] split_update  items_processed=47872
[event] iteration = 186
[Training] split_update  items_processed=48128
[event] iteration = 187
[Training] split_update  items_processed=48384
[event] iteration = 188
[Training] split_update  items_processed=48640
[event] iteration = 189
[Training] split_update  items_processed=48896
[event] iteration = 190
[Training] split_update  items_processed=49152
[event] iteration = 191
[Training] split_update  items_processed=49408
[event] iteration = 192
[Training] split_update  items_processed=49664
[event] iteration = 193
[Training] split_update  items_processed=49920
[event] iteration = 194
[Training] split_update  items_processed=50176
[event] iteration = 195
[Training] split_update  items_processed=50432
[event] iteration = 196
[Training] split_update  items_processed=50688
[event] iteration = 197
[Training] split_update  items_processed=50944
[event] iteration = 198
[Training] split_update  items_processed=51200
[event] iteration = 199
[Training] split_update  items_processed=51456
[event] iteration = 200
[Training] split_update  items_processed=51712
[event] iteration = 201
[Training] split_update  items_processed=51968
[event] iteration = 202
[Training] split_update  items_processed=52224
[event] iteration = 203
[Training] split_update  items_processed=52480
[event] iteration = 204
[Training] split_update  items_processed=52736
[event] iteration = 205
[Training] split_update  items_processed=52992
[event] iteration = 206
[Training] split_update  items_processed=53248
[event] iteration = 207
[Training] split_update  items_processed=53504
[event] iteration = 208
[Training] split_update  items_processed=53760
[event] iteration = 209
[Training] split_update  items_processed=54016
[event] iteration = 210
[Training] split_update  items_processed=54272
[event] iteration = 211
[Training] split_update  items_processed=54528
[event] iteration = 212
[Training] split_update  items_processed=54784
[event] iteration = 213
[Training] split_update  items_processed=55040
[event] iteration = 214
[Training] split_update  items_processed=55296
[event] iteration = 215
[Training] split_update  items_processed=55552
[event] iteration = 216
[Training] split_update  items_processed=55808
[event] iteration = 217
[Training] split_update  items_processed=56064
[event] iteration = 218
[Training] split_update  items_processed=56320
[event] iteration = 219
[Training] split_update  items_processed=56576
[event] iteration = 220
[Training] split_update  items_processed=56832
[event] iteration = 221
[Training] split_update  items_processed=57088
[event] iteration = 222
[Training] split_update  items_processed=57344
[event] iteration = 223
[Training] split_update  items_processed=57600
[event] iteration = 224
[Training] split_update  items_processed=57856
[event] iteration = 225
[Training] split_update  items_processed=58112
[event] iteration = 226
[Training] split_update  items_processed=58368
[event] iteration = 227
[Training] split_update  items_processed=58624
[event] iteration = 228
[Training] split_update  items_processed=58880
[event] iteration = 229
[Training] split_update  items_processed=59136
[event] iteration = 230
[Training] split_update  items_processed=59392
[event] iteration = 231
[Training] split_update  items_processed=59648
[event] iteration = 232
[Training] split_update  items_processed=59904
[event] iteration = 233
[Training] split_update  items_processed=60160
[event] iteration = 234
[Training] split_update  items_processed=60416
[event] iteration = 235
[Training] split_update  items_processed=60672
[event] iteration = 236
[Training] split_update  items_processed=60928
[event] iteration = 237
[Training] split_update  items_processed=61184
[event] iteration = 238
[Training] split_update  items_processed=61440
[event] iteration = 239
[Training] split_update  items_processed=61696
[event] iteration = 240
[Training] split_update  items_processed=61952
[event] iteration = 241
[Training] split_update  items_processed=62208
[event] iteration = 242
[Training] split_update  items_processed=62464
[event] iteration = 243
[Training] split_update  items_processed=62720
[event] iteration = 244
[Training] split_update  items_processed=62976
[event] iteration = 245
[Training] split_update  items_processed=63232
[event] iteration = 246
[Training] split_update  items_processed=63488
[event] iteration = 247
[Training] split_update  items_processed=63744
[event] iteration = 248
[Training] split_update  items_processed=64000
[event] iteration = 249
[Training] split_update  items_processed=64256
[event] iteration = 250
[Training] split_update  items_processed=64512
[event] iteration = 251
[Training] split_update  items_processed=64768
[event] iteration = 252
[Training] split_update  items_processed=65024
[event] iteration = 253
[Training] split_update  items_processed=65280
[event] iteration = 254
[Training] split_update  items_processed=65536
[event] iteration = 255
[Training] split_update  items_processed=65792
[event] iteration = 256
[Training] split_update  items_processed=66048
[event] iteration = 257
[Training] split_update  items_processed=66304
[event] iteration = 258
[Training] split_update  items_processed=66560
[event] iteration = 259
[Training] split_update  items_processed=66816
[event] iteration = 260
[Training] split_update  items_processed=67072
[event] iteration = 261
[Training] split_update  items_processed=67328
[event] iteration = 262
[Training] split_update  items_processed=67584
[event] iteration = 263
[Training] split_update  items_processed=67840
[event] iteration = 264
[Training] split_update  items_processed=68096
[event] iteration = 265
[Training] split_update  items_processed=68352
[event] iteration = 266
[Training] split_update  items_processed=68608
[event] iteration = 267
[Training] split_update  items_processed=68864
[event] iteration = 268
[Training] split_update  items_processed=69120
[event] iteration = 269
[Training] split_update  items_processed=69376
[event] iteration = 270
[Training] split_update  items_processed=69632
[event] iteration = 271
[Training] split_update  items_processed=69888
[event] iteration = 272
[Training] split_update  items_processed=70144
[event] iteration = 273
[Training] split_update  items_processed=70400
[event] iteration = 274
[Training] split_update  items_processed=70656
[event] iteration = 275
[Training] split_update  items_processed=70912
[event] iteration = 276
[Training] split_update  items_processed=71168
[event] iteration = 277
[Training] split_update  items_processed=71424
[event] iteration = 278
[Training] split_update  items_processed=71680
[event] iteration = 279
[Training] split_update  items_processed=71936
[event] iteration = 280
[Training] split_update  items_processed=72192
[event] iteration = 281
[Training] split_update  items_processed=72448
[event] iteration = 282
[Training] split_update  items_processed=72704
[event] iteration = 283
[Training] split_update  items_processed=72960
[event] iteration = 284
[Training] split_update  items_processed=73216
[event] iteration = 285
[Training] split_update  items_processed=73472
[event] iteration = 286
[Training] split_update  items_processed=73728
[event] iteration = 287
[Training] split_update  items_processed=73984
[event] iteration = 288
[Training] split_update  items_processed=74240
[event] iteration = 289
[Training] split_update  items_processed=74496
[event] iteration = 290
[Training] split_update  items_processed=74752
[event] iteration = 291
[Training] split_update  items_processed=75008
[event] iteration = 292
[Training] split_update  items_processed=75264
[event] iteration = 293
[Training] split_update  items_processed=75520
[event] iteration = 294
[Training] split_update  items_processed=75776
[event] iteration = 295
[Training] split_update  items_processed=76032
[event] iteration = 296
[Training] split_update  items_processed=76288
[event] iteration = 297
[Training] split_update  items_processed=76544
[event] iteration = 298
[Training] split_update  items_processed=76800
[event] iteration = 299
[Training] split_update  items_processed=77056
[event] iteration = 300
[Training] split_update  items_processed=77312
[event] iteration = 301
[Training] split_update  items_processed=77568
[event] iteration = 302
[Training] split_update  items_processed=77824
[event] iteration = 303
[Training] split_update  items_processed=78080
[event] iteration = 304
[Training] split_update  items_processed=78336
[event] iteration = 305
[Training] split_update  items_processed=78592
[event] iteration = 306
[Training] split_update  items_processed=78848
[event] iteration = 307
[Training] split_update  items_processed=79104
[event] iteration = 308
[Training] split_update  items_processed=79360
[event] iteration = 309
[Training] split_update  items_processed=79616
[event] iteration = 310
[Training] split_update  items_processed=79872
[event] iteration = 311
[Training] split_update  items_processed=80128
[event] iteration = 312
[Training] split_update  items_processed=80384
[event] iteration = 313
[Training] split_update  items_processed=80640
[event] iteration = 314
[Training] split_update  items_processed=80896
[event] iteration = 315
[Training] split_update  items_processed=81152
[event] iteration = 316
[Training] split_update  items_processed=81408
[event] iteration = 317
[Training] split_update  items_processed=81664
[event] iteration = 318
[Training] split_update  items_processed=81920
[event] iteration = 319
[Training] split_update  items_processed=82176
[event] iteration = 320
[Training] split_update  items_processed=82432
[event] iteration = 321
[Training] split_update  items_processed=82688
[event] iteration = 322
[Training] split_update  items_processed=82944
[event] iteration = 323
[Training] split_update  items_processed=83200
[event] iteration = 324
[Training] split_update  items_processed=83456
[event] iteration = 325
[Training] split_update  items_processed=83712
[event] iteration = 326
[Training] split_update  items_processed=83968
[event] iteration = 327
[Training] split_update  items_processed=84224
[event] iteration = 328
[Training] split_update  items_processed=84480
[event] iteration = 329
[Training] split_update  items_processed=84736
[event] iteration = 330
[Training] split_update  items_processed=84992
[event] iteration = 331
[Training] split_update  items_processed=85248
[event] iteration = 332
[Training] split_update  items_processed=85504
[event] iteration = 333
[Training] split_update  items_processed=85760
[event] iteration = 334
[Training] split_update  items_processed=86016
[event] iteration = 335
[Training] split_update  items_processed=86272
[event] iteration = 336
[Training] split_update  items_processed=86528
[event] iteration = 337
[Training] split_update  items_processed=86784
[event] iteration = 338
[Training] split_update  items_processed=87040
[event] iteration = 339
[Training] split_update  items_processed=87296
[event] iteration = 340
[Training] split_update  items_processed=87552
[event] iteration = 341
[Training] split_update  items_processed=87808
[event] iteration = 342
[Training] split_update  items_processed=88064
[event] iteration = 343
[Training] split_update  items_processed=88320
[event] iteration = 344
[Training] split_update  items_processed=88576
[event] iteration = 345
[Training] split_update  items_processed=88832
[event] iteration = 346
[Training] split_update  items_processed=89088
[event] iteration = 347
[Training] split_update  items_processed=89344
[event] iteration = 348
[Training] split_update  items_processed=89600
[event] iteration = 349
[Training] split_update  items_processed=89856
[event] iteration = 350
[Training] split_update  items_processed=90112
[event] iteration = 351
[Training] split_update  items_processed=90368
[event] iteration = 352
[Training] split_update  items_processed=90624
[event] iteration = 353
[Training] split_update  items_processed=90880
[event] iteration = 354
[Training] split_update  items_processed=91136
[event] iteration = 355
[Training] split_update  items_processed=91392
[event] iteration = 356
[Training] split_update  items_processed=91648
[event] iteration = 357
[Training] split_update  items_processed=91904
[event] iteration = 358
[Training] split_update  items_processed=92160
[event] iteration = 359
[Training] split_update  items_processed=92416
[event] iteration = 360
[Training] split_update  items_processed=92672
[event] iteration = 361
[Training] split_update  items_processed=92928
[event] iteration = 362
[Training] split_update  items_processed=93184
[event] iteration = 363
[Training] split_update  items_processed=93440
[event] iteration = 364
[Training] split_update  items_processed=93696
[event] iteration = 365
[Training] split_update  items_processed=93952
[event] iteration = 366
[Training] split_update  items_processed=94208
[event] iteration = 367
[Training] split_update  items_processed=94464
[event] iteration = 368
[Training] split_update  items_processed=94720
[event] iteration = 369
[Training] split_update  items_processed=94976
[event] iteration = 370
[Training] split_update  items_processed=95232
[event] iteration = 371
[Training] split_update  items_processed=95488
[event] iteration = 372
[Training] split_update  items_processed=95744
[event] iteration = 373
[Training] split_update  items_processed=96000
[event] iteration = 374
[Training] split_update  items_processed=96256
[event] iteration = 375
[Training] split_update  items_processed=96512
[event] iteration = 376
[Training] split_update  items_processed=96768
[event] iteration = 377
[Training] split_update  items_processed=97024
[event] iteration = 378
[Training] split_update  items_processed=97280
[event] iteration = 379
[Training] split_update  items_processed=97536
[event] iteration = 380
[Training] split_update  items_processed=97792
[event] iteration = 381
[Training] split_update  items_processed=98048
[event] iteration = 382
[Training] split_update  items_processed=98304
[event] iteration = 383
[Training] split_update  items_processed=98560
[event] iteration = 384
[Training] split_update  items_processed=98816
[event] iteration = 385
[Training] split_update  items_processed=99072
[event] iteration = 386
[Training] split_update  items_processed=99328
[event] iteration = 387
[Training] split_update  items_processed=99584
[event] iteration = 388
[Training] split_update  items_processed=99840
[event] iteration = 389
[Training] split_update  items_processed=100096
[event] iteration = 390
[Training] split_update  items_processed=100352
[event] iteration = 391
[Training] split_update  items_processed=100608
[event] iteration = 392
[Training] split_update  items_processed=100864
[event] iteration = 393
[Training] split_update  items_processed=101120
[event] iteration = 394
[Training] split_update  items_processed=101376
[event] iteration = 395
[Training] split_update  items_processed=101632
[event] iteration = 396
[Training] split_update  items_processed=101888
[event] iteration = 397
[Training] split_update  items_processed=102144
[event] iteration = 398
[Training] split_update  items_processed=102400
[event] iteration = 399
[Training] split_update  items_processed=102656
[event] iteration = 400
[Training] split_update  items_processed=102912
[event] iteration = 401
[Training] split_update  items_processed=103168
[event] iteration = 402
[Training] split_update  items_processed=103424
[event] iteration = 403
[Training] split_update  items_processed=103680
[event] iteration = 404
[Training] split_update  items_processed=103936
[event] iteration = 405
[Training] split_update  items_processed=104192
[event] iteration = 406
[Training] split_update  items_processed=104448
[event] iteration = 407
[Training] split_update  items_processed=104704
[event] iteration = 408
[Training] split_update  items_processed=104960
[event] iteration = 409
[Training] split_update  items_processed=105216
[event] iteration = 410
[Training] split_update  items_processed=105472
[event] iteration = 411
[Training] split_update  items_processed=105728
[event] iteration = 412
[Training] split_update  items_processed=105984
[event] iteration = 413
[Training] split_update  items_processed=106240
[event] iteration = 414
[Training] split_update  items_processed=106496
[event] iteration = 415
[Training] split_update  items_processed=106752
[event] iteration = 416
[Training] split_update  items_processed=107008
[event] iteration = 417
[Training] split_update  items_processed=107264
[event] iteration = 418
[Training] split_update  items_processed=107520
[event] iteration = 419
[Training] split_update  items_processed=107776
[event] iteration = 420
[Training] split_update  items_processed=108032
[event] iteration = 421
[Training] split_update  items_processed=108288
[event] iteration = 422
[Training] split_update  items_processed=108544
[event] iteration = 423
[Training] split_update  items_processed=108800
[event] iteration = 424
[Training] split_update  items_processed=109056
[event] iteration = 425
[Training] split_update  items_processed=109312
[event] iteration = 426
[Training] split_update  items_processed=109568
[event] iteration = 427
[Training] split_update  items_processed=109824
[event] iteration = 428
[Training] split_update  items_processed=110080
[event] iteration = 429
[Training] split_update  items_processed=110336
[event] iteration = 430
[Training] split_update  items_processed=110592
[event] iteration = 431
[Training] split_update  items_processed=110848
[event] iteration = 432
[Training] split_update  items_processed=111104
[event] iteration = 433
[Training] split_update  items_processed=111360
[event] iteration = 434
[Training] split_update  items_processed=111616
[event] iteration = 435
[Training] split_update  items_processed=111872
[event] iteration = 436
[Training] split_update  items_processed=112128
[event] iteration = 437
[Training] split_update  items_processed=112384
[event] iteration = 438
[Training] split_update  items_processed=112640
[event] iteration = 439
[Training] split_update  items_processed=112896
[event] iteration = 440
[Training] split_update  items_processed=113152
[event] iteration = 441
[Training] split_update  items_processed=113408
[event] iteration = 442
[Training] split_update  items_processed=113664
[event] iteration = 443
[Training] split_update  items_processed=113920
[event] iteration = 444
[Training] split_update  items_processed=114176
[event] iteration = 445
[Training] split_update  items_processed=114432
[event] iteration = 446
[Training] split_update  items_processed=114688
[event] iteration = 447
[Training] split_update  items_processed=114944
[event] iteration = 448
[Training] split_update  items_processed=115200
[event] iteration = 449
[Training] split_update  items_processed=115456
[event] iteration = 450
[Training] split_update  items_processed=115712
[event] iteration = 451
[Training] split_update  items_processed=115968
[event] iteration = 452
[Training] split_update  items_processed=116224
[event] iteration = 453
[Training] split_update  items_processed=116480
[event] iteration = 454
[Training] split_update  items_processed=116736
[event] iteration = 455
[Training] split_update  items_processed=116992
[event] iteration = 456
[Training] split_update  items_processed=117248
[event] iteration = 457
[Training] split_update  items_processed=117504
[event] iteration = 458
[Training] split_update  items_processed=117760
[event] iteration = 459
[Training] split_update  items_processed=118016
[event] iteration = 460
[Training] split_update  items_processed=118272
[event] iteration = 461
[Training] split_update  items_processed=118528
[event] iteration = 462
[Training] split_update  items_processed=118784
[event] iteration = 463
[Training] split_update  items_processed=119040
[event] iteration = 464
[Training] split_update  items_processed=119296
[event] iteration = 465
[Training] split_update  items_processed=119552
[event] iteration = 466
[Training] split_update  items_processed=119808
[event] iteration = 467
[Training] split_update  items_processed=120064
[event] iteration = 468
[Training] split_update  items_processed=120320
[event] iteration = 469
[Training] split_update  items_processed=120576
[event] iteration = 470
[Training] split_update  items_processed=120832
[event] iteration = 471
[Training] split_update  items_processed=121088
[event] iteration = 472
[Training] split_update  items_processed=121344
[event] iteration = 473
[Training] split_update  items_processed=121600
[event] iteration = 474
[Training] split_update  items_processed=121856
[event] iteration = 475
[Training] split_update  items_processed=122112
[event] iteration = 476
[Training] split_update  items_processed=122368
[event] iteration = 477
[Training] split_update  items_processed=122624
[event] iteration = 478
[Training] split_update  items_processed=122880
[event] iteration = 479
[Training] split_update  items_processed=123136
[event] iteration = 480
[Training] split_update  items_processed=123392
[event] iteration = 481
[Training] split_update  items_processed=123648
[event] iteration = 482
[Training] split_update  items_processed=123904
[event] iteration = 483
[Training] split_update  items_processed=124160
[event] iteration = 484
[Training] split_update  items_processed=124416
[event] iteration = 485
[Training] split_update  items_processed=124672
[event] iteration = 486
[Training] split_update  items_processed=124928
[event] iteration = 487
[Training] split_update  items_processed=125184
[event] iteration = 488
[Training] split_update  items_processed=125440
[event] iteration = 489
[Training] split_update  items_processed=125696
[event] iteration = 490
[Training] split_update  items_processed=125952
[event] iteration = 491
[Training] split_update  items_processed=126208
[event] iteration = 492
[Training] split_update  items_processed=126464
[event] iteration = 493
[Training] split_update  items_processed=126720
[event] iteration = 494
[Training] split_update  items_processed=126976
[event] iteration = 495
[Training] split_update  items_processed=127232
[event] iteration = 496
[Training] split_update  items_processed=127488
[event] iteration = 497
[Training] split_update  items_processed=127744
[event] iteration = 498
[Training] split_update  items_processed=128000
[event] iteration = 499
[Training] split_update  items_processed=128256
[event] iteration = 500
[Training] split_update  items_processed=128512
[event] iteration = 501
[Training] split_update  items_processed=128768
[event] iteration = 502
[Training] split_update  items_processed=129024
[event] iteration = 503
[Training] split_update  items_processed=129280
[event] iteration = 504
[Training] split_update  items_processed=129536
[event] iteration = 505
[Training] split_update  items_processed=129792
[event] iteration = 506
[Training] split_update  items_processed=130048
[event] iteration = 507
[Training] split_update  items_processed=130304
[event] iteration = 508
[Training] split_update  items_processed=130560
[event] iteration = 509
[Training] split_update  items_processed=130816
[event] iteration = 510
[Training] split_update  items_processed=131072
[event] iteration = 511
[Training] split_update  items_processed=131328
[event] iteration = 512
[Training] split_update  items_processed=131584
[event] iteration = 513
[Training] split_update  items_processed=131840
[event] iteration = 514
[Training] split_update  items_processed=132096
[event] iteration = 515
[Training] split_update  items_processed=132352
[event] iteration = 516
[Training] split_update  items_processed=132608
[event] iteration = 517
[Training] split_update  items_processed=132864
[event] iteration = 518
[Training] split_update  items_processed=133120
[event] iteration = 519
[Training] split_update  items_processed=133376
[event] iteration = 520
[Training] split_update  items_processed=133632
[event] iteration = 521
[Training] split_update  items_processed=133888
[event] iteration = 522
[Training] split_update  items_processed=134144
[event] iteration = 523
[Training] split_update  items_processed=134400
[event] iteration = 524
[Training] split_update  items_processed=134656
[event] iteration = 525
[Training] split_update  items_processed=134912
[event] iteration = 526
[Training] split_update  items_processed=135168
[event] iteration = 527
[Training] split_update  items_processed=135424
[event] iteration = 528
[Training] split_update  items_processed=135680
[event] iteration = 529
[Training] split_update  items_processed=135936
[event] iteration = 530
[Training] split_update  items_processed=136192
[event] iteration = 531
[Training] split_update  items_processed=136448
[event] iteration = 532
[Training] split_update  items_processed=136704
[event] iteration = 533
[Training] split_update  items_processed=136960
[event] iteration = 534
[Training] split_update  items_processed=137216
[event] iteration = 535
[Training] split_update  items_processed=137472
[event] iteration = 536
[Training] split_update  items_processed=137728
[event] iteration = 537
[Training] split_update  items_processed=137984
[event] iteration = 538
[Training] split_update  items_processed=138240
[event] iteration = 539
[Training] split_update  items_processed=138496
[event] iteration = 540
[Training] split_update  items_processed=138752
[event] iteration = 541
[Training] split_update  items_processed=139008
[event] iteration = 542
[Training] split_update  items_processed=139264
[event] iteration = 543
[Training] split_update  items_processed=139520
[event] iteration = 544
[Training] split_update  items_processed=139776
[event] iteration = 545
[Training] split_update  items_processed=140032
[event] iteration = 546
[Training] split_update  items_processed=140288
[event] iteration = 547
[Training] split_update  items_processed=140544
[event] iteration = 548
[Training] split_update  items_processed=140800
[event] iteration = 549
[Training] split_update  items_processed=141056
[event] iteration = 550
[Training] split_end
[Training] end
